

Started GET "/" for 127.0.0.1 at 2016-02-22 16:43:15 -0500
Processing by Rails::WelcomeController#index as HTML
  Rendered C:/RailsInstaller/Ruby2.0.0/lib/ruby/gems/2.0.0/gems/railties-4.1.8/lib/rails/templates/rails/welcome/index.html.erb (2.0ms)
Completed 200 OK in 28ms (Views: 17.3ms | ActiveRecord: 0.0ms)


Started GET "/" for 127.0.0.1 at 2016-02-22 17:09:26 -0500
Processing by HomeController#index as HTML
  Rendered home/index.html within layouts/application (2.0ms)
Completed 500 Internal Server Error in 4252ms

ActionView::Template::Error (TypeError: El objeto no acepta esta propiedad o método
  (in C:/RailsInstaller/Ruby2.0.0/lib/ruby/gems/2.0.0/gems/turbolinks-2.5.3/lib/assets/javascripts/turbolinks.js.coffee)):
    3: <head>
    4:   <title>Prueba</title>
    5:   <%= stylesheet_link_tag    'application', media: 'all', 'data-turbolinks-track' => true %>
    6:   <%= javascript_include_tag 'application', 'data-turbolinks-track' => true %>
    7:   <%= csrf_meta_tags %>
    8: </head>
    9: <body>
  app/views/layouts/application.html.erb:6:in `_app_views_layouts_application_html_erb___382690531_42970968'


  Rendered C:/RailsInstaller/Ruby2.0.0/lib/ruby/gems/2.0.0/gems/actionpack-4.1.8/lib/action_dispatch/middleware/templates/rescues/_trace.html.erb (1.0ms)
  Rendered C:/RailsInstaller/Ruby2.0.0/lib/ruby/gems/2.0.0/gems/actionpack-4.1.8/lib/action_dispatch/middleware/templates/rescues/_request_and_response.html.erb (0.0ms)
  Rendered C:/RailsInstaller/Ruby2.0.0/lib/ruby/gems/2.0.0/gems/actionpack-4.1.8/lib/action_dispatch/middleware/templates/rescues/template_error.html.erb within rescues/layout (19.0ms)


Started GET "/" for 127.0.0.1 at 2016-02-22 17:10:03 -0500
Processing by HomeController#index as HTML
  Rendered home/index.html within layouts/application (0.0ms)
Completed 500 Internal Server Error in 3629ms

ActionView::Template::Error (TypeError: El objeto no acepta esta propiedad o método
  (in C:/RailsInstaller/Ruby2.0.0/lib/ruby/gems/2.0.0/gems/turbolinks-2.5.3/lib/assets/javascripts/turbolinks.js.coffee)):
    3: <head>
    4:   <title>Prueba</title>
    5:   <%= stylesheet_link_tag    'application', media: 'all', 'data-turbolinks-track' => true %>
    6:   <%= javascript_include_tag 'application', 'data-turbolinks-track' => true %>
    7:   <%= csrf_meta_tags %>
    8: </head>
    9: <body>
  app/views/layouts/application.html.erb:6:in `_app_views_layouts_application_html_erb___382690531_42970968'


  Rendered C:/RailsInstaller/Ruby2.0.0/lib/ruby/gems/2.0.0/gems/actionpack-4.1.8/lib/action_dispatch/middleware/templates/rescues/_trace.html.erb (1.0ms)
  Rendered C:/RailsInstaller/Ruby2.0.0/lib/ruby/gems/2.0.0/gems/actionpack-4.1.8/lib/action_dispatch/middleware/templates/rescues/_request_and_response.html.erb (1.0ms)
  Rendered C:/RailsInstaller/Ruby2.0.0/lib/ruby/gems/2.0.0/gems/actionpack-4.1.8/lib/action_dispatch/middleware/templates/rescues/template_error.html.erb within rescues/layout (49.2ms)


Started GET "/" for 127.0.0.1 at 2016-02-22 17:10:10 -0500
Processing by HomeController#index as HTML
  Rendered home/index.html within layouts/application (0.0ms)
Completed 500 Internal Server Error in 3640ms

ActionView::Template::Error (TypeError: El objeto no acepta esta propiedad o método
  (in C:/RailsInstaller/Ruby2.0.0/lib/ruby/gems/2.0.0/gems/turbolinks-2.5.3/lib/assets/javascripts/turbolinks.js.coffee)):
    3: <head>
    4:   <title>Prueba</title>
    5:   <%= stylesheet_link_tag    'application', media: 'all', 'data-turbolinks-track' => true %>
    6:   <%= javascript_include_tag 'application', 'data-turbolinks-track' => true %>
    7:   <%= csrf_meta_tags %>
    8: </head>
    9: <body>
  app/views/layouts/application.html.erb:6:in `_app_views_layouts_application_html_erb___382690531_42970968'


  Rendered C:/RailsInstaller/Ruby2.0.0/lib/ruby/gems/2.0.0/gems/actionpack-4.1.8/lib/action_dispatch/middleware/templates/rescues/_trace.html.erb (1.0ms)
  Rendered C:/RailsInstaller/Ruby2.0.0/lib/ruby/gems/2.0.0/gems/actionpack-4.1.8/lib/action_dispatch/middleware/templates/rescues/_request_and_response.html.erb (1.0ms)
  Rendered C:/RailsInstaller/Ruby2.0.0/lib/ruby/gems/2.0.0/gems/actionpack-4.1.8/lib/action_dispatch/middleware/templates/rescues/template_error.html.erb within rescues/layout (19.3ms)


Started GET "/" for 127.0.0.1 at 2016-02-22 17:14:49 -0500
Processing by HomeController#index as HTML
  Rendered home/index.html within layouts/application (1.0ms)
Completed 500 Internal Server Error in 3683ms

ActionView::Template::Error (TypeError: El objeto no acepta esta propiedad o método
  (in C:/RailsInstaller/Ruby2.0.0/lib/ruby/gems/2.0.0/gems/turbolinks-2.5.3/lib/assets/javascripts/turbolinks.js.coffee)):
    3: <head>
    4:   <title>Prueba</title>
    5:   <%= stylesheet_link_tag    'application', media: 'all', 'data-turbolinks-track' => true %>
    6:   <!--<%= javascript_include_tag 'application', 'data-turbolinks-track' => true %>-->
    7:   <%= csrf_meta_tags %>
    8: </head>
    9: <body>
  app/views/layouts/application.html.erb:6:in `_app_views_layouts_application_html_erb___382690531_19452708'


  Rendered C:/RailsInstaller/Ruby2.0.0/lib/ruby/gems/2.0.0/gems/actionpack-4.1.8/lib/action_dispatch/middleware/templates/rescues/_trace.html.erb (1.0ms)
  Rendered C:/RailsInstaller/Ruby2.0.0/lib/ruby/gems/2.0.0/gems/actionpack-4.1.8/lib/action_dispatch/middleware/templates/rescues/_request_and_response.html.erb (1.0ms)
  Rendered C:/RailsInstaller/Ruby2.0.0/lib/ruby/gems/2.0.0/gems/actionpack-4.1.8/lib/action_dispatch/middleware/templates/rescues/template_error.html.erb within rescues/layout (19.0ms)


Started GET "/" for 127.0.0.1 at 2016-02-22 17:14:56 -0500
Processing by HomeController#index as HTML
  Rendered home/index.html within layouts/application (0.0ms)
Completed 500 Internal Server Error in 3650ms

ActionView::Template::Error (TypeError: El objeto no acepta esta propiedad o método
  (in C:/RailsInstaller/Ruby2.0.0/lib/ruby/gems/2.0.0/gems/turbolinks-2.5.3/lib/assets/javascripts/turbolinks.js.coffee)):
    3: <head>
    4:   <title>Prueba</title>
    5:   <%= stylesheet_link_tag    'application', media: 'all', 'data-turbolinks-track' => true %>
    6:   <!--<%= javascript_include_tag 'application', 'data-turbolinks-track' => true %>-->
    7:   <%= csrf_meta_tags %>
    8: </head>
    9: <body>
  app/views/layouts/application.html.erb:6:in `_app_views_layouts_application_html_erb___382690531_19452708'


  Rendered C:/RailsInstaller/Ruby2.0.0/lib/ruby/gems/2.0.0/gems/actionpack-4.1.8/lib/action_dispatch/middleware/templates/rescues/_trace.html.erb (1.0ms)
  Rendered C:/RailsInstaller/Ruby2.0.0/lib/ruby/gems/2.0.0/gems/actionpack-4.1.8/lib/action_dispatch/middleware/templates/rescues/_request_and_response.html.erb (1.0ms)
  Rendered C:/RailsInstaller/Ruby2.0.0/lib/ruby/gems/2.0.0/gems/actionpack-4.1.8/lib/action_dispatch/middleware/templates/rescues/template_error.html.erb within rescues/layout (28.0ms)


Started GET "/" for 127.0.0.1 at 2016-02-22 17:15:34 -0500
Processing by HomeController#index as HTML
  Rendered home/index.html within layouts/application (0.0ms)
Completed 200 OK in 28ms (Views: 26.0ms | ActiveRecord: 0.0ms)


Started GET "/assets/home.css?body=1" for 127.0.0.1 at 2016-02-22 17:15:34 -0500


Started GET "/assets/application.css?body=1" for 127.0.0.1 at 2016-02-22 17:15:34 -0500


Started GET "/" for 127.0.0.1 at 2016-02-22 17:17:19 -0500
Processing by HomeController#index as HTML
  Rendered home/index.html within layouts/application (0.0ms)
Completed 200 OK in 34ms (Views: 32.0ms | ActiveRecord: 0.0ms)


Started GET "/assets/home.css?body=1" for 127.0.0.1 at 2016-02-22 17:17:19 -0500


Started GET "/assets/application.css?body=1" for 127.0.0.1 at 2016-02-22 17:17:19 -0500


Started GET "/" for 127.0.0.1 at 2016-02-22 17:22:45 -0500
Processing by HomeController#index as HTML
  Rendered home/index.html within layouts/application (1.0ms)
Completed 200 OK in 32ms (Views: 30.1ms | ActiveRecord: 0.0ms)


Started GET "/assets/home.css?body=1" for 127.0.0.1 at 2016-02-22 17:22:45 -0500


Started GET "/assets/application.css?body=1" for 127.0.0.1 at 2016-02-22 17:22:45 -0500


Started GET "/" for 127.0.0.1 at 2016-02-22 17:23:36 -0500
Processing by HomeController#index as HTML
  Rendered home/index.html within layouts/application (0.0ms)
Completed 200 OK in 34ms (Views: 33.0ms | ActiveRecord: 0.0ms)


Started GET "/assets/home.css?body=1" for 127.0.0.1 at 2016-02-22 17:23:36 -0500


Started GET "/assets/application.css?body=1" for 127.0.0.1 at 2016-02-22 17:23:36 -0500
  [1m[36m (152.4ms)[0m  [1mCREATE TABLE "schema_migrations" ("version" varchar(255) NOT NULL) [0m
  [1m[35m (0.0ms)[0m  select sqlite_version(*)
  [1m[36m (109.5ms)[0m  [1mCREATE UNIQUE INDEX "unique_schema_migrations" ON "schema_migrations" ("version")[0m
  [1m[35mActiveRecord::SchemaMigration Load (0.0ms)[0m  SELECT "schema_migrations".* FROM "schema_migrations"
Migrating to CreateTweets (20160223210433)
  [1m[36m (0.0ms)[0m  [1mbegin transaction[0m
  [1m[35m (2.0ms)[0m  CREATE TABLE "tweets" ("id" INTEGER PRIMARY KEY AUTOINCREMENT NOT NULL, "message" varchar(255), "date" datetime, "created_at" datetime, "updated_at" datetime) 
  [1m[36mSQL (0.0ms)[0m  [1mINSERT INTO "schema_migrations" ("version") VALUES (?)[0m  [["version", "20160223210433"]]
  [1m[35m (100.9ms)[0m  commit transaction
  [1m[36mActiveRecord::SchemaMigration Load (1.0ms)[0m  [1mSELECT "schema_migrations".* FROM "schema_migrations"[0m


Started GET "/" for 127.0.0.1 at 2016-02-23 16:20:40 -0500
  [1m[36mActiveRecord::SchemaMigration Load (0.0ms)[0m  [1mSELECT "schema_migrations".* FROM "schema_migrations"[0m
Processing by HomeController#index as HTML
  Rendered home/index.html within layouts/application (2.0ms)
Completed 200 OK in 110ms (Views: 78.3ms | ActiveRecord: 0.0ms)


Started GET "/assets/home.css?body=1" for 127.0.0.1 at 2016-02-23 16:20:41 -0500


Started GET "/assets/application.css?body=1" for 127.0.0.1 at 2016-02-23 16:20:41 -0500


Started GET "/" for 127.0.0.1 at 2016-02-23 16:20:44 -0500
Processing by HomeController#index as HTML
  Rendered home/index.html within layouts/application (0.0ms)
Completed 200 OK in 32ms (Views: 31.3ms | ActiveRecord: 0.0ms)


Started GET "/assets/application.css?body=1" for 127.0.0.1 at 2016-02-23 16:20:44 -0500


Started GET "/assets/home.css?body=1" for 127.0.0.1 at 2016-02-23 16:20:44 -0500


Started GET "/" for 127.0.0.1 at 2016-02-23 16:20:46 -0500
Processing by HomeController#index as HTML
  Rendered home/index.html within layouts/application (0.0ms)
Completed 200 OK in 12ms (Views: 10.7ms | ActiveRecord: 0.0ms)


Started GET "/assets/home.css?body=1" for 127.0.0.1 at 2016-02-23 16:20:46 -0500


Started GET "/assets/application.css?body=1" for 127.0.0.1 at 2016-02-23 16:20:46 -0500


Started GET "/" for 127.0.0.1 at 2016-02-23 16:22:10 -0500
  [1m[36mActiveRecord::SchemaMigration Load (0.0ms)[0m  [1mSELECT "schema_migrations".* FROM "schema_migrations"[0m
Processing by HomeController#index as HTML
  Rendered home/index.html within layouts/application (2.0ms)
Completed 200 OK in 53ms (Views: 42.0ms | ActiveRecord: 0.0ms)


Started GET "/assets/application.css?body=1" for 127.0.0.1 at 2016-02-23 16:22:10 -0500


Started GET "/assets/home.css?body=1" for 127.0.0.1 at 2016-02-23 16:22:10 -0500


Started GET "/" for 127.0.0.1 at 2016-02-23 16:23:58 -0500
Processing by HomeController#index as HTML
  Rendered home/index.html within layouts/application (0.0ms)
Completed 200 OK in 31ms (Views: 30.3ms | ActiveRecord: 0.0ms)


Started GET "/assets/application.css?body=1" for 127.0.0.1 at 2016-02-23 16:23:58 -0500


Started GET "/assets/home.css?body=1" for 127.0.0.1 at 2016-02-23 16:23:58 -0500


Started GET "/tweet/new" for 127.0.0.1 at 2016-02-23 16:43:02 -0500
  [1m[36mActiveRecord::SchemaMigration Load (0.0ms)[0m  [1mSELECT "schema_migrations".* FROM "schema_migrations"[0m

ActionController::RoutingError (uninitialized constant TweetController):
  activesupport (4.1.8) lib/active_support/inflector/methods.rb:238:in `const_get'
  activesupport (4.1.8) lib/active_support/inflector/methods.rb:238:in `block in constantize'
  activesupport (4.1.8) lib/active_support/inflector/methods.rb:236:in `each'
  activesupport (4.1.8) lib/active_support/inflector/methods.rb:236:in `inject'
  activesupport (4.1.8) lib/active_support/inflector/methods.rb:236:in `constantize'
  actionpack (4.1.8) lib/action_dispatch/routing/route_set.rb:78:in `controller_reference'
  actionpack (4.1.8) lib/action_dispatch/routing/route_set.rb:68:in `controller'
  actionpack (4.1.8) lib/action_dispatch/routing/route_set.rb:46:in `call'
  actionpack (4.1.8) lib/action_dispatch/journey/router.rb:73:in `block in call'
  actionpack (4.1.8) lib/action_dispatch/journey/router.rb:59:in `each'
  actionpack (4.1.8) lib/action_dispatch/journey/router.rb:59:in `call'
  actionpack (4.1.8) lib/action_dispatch/routing/route_set.rb:678:in `call'
  rack (1.5.5) lib/rack/etag.rb:23:in `call'
  rack (1.5.5) lib/rack/conditionalget.rb:25:in `call'
  rack (1.5.5) lib/rack/head.rb:11:in `call'
  actionpack (4.1.8) lib/action_dispatch/middleware/params_parser.rb:27:in `call'
  actionpack (4.1.8) lib/action_dispatch/middleware/flash.rb:254:in `call'
  rack (1.5.5) lib/rack/session/abstract/id.rb:225:in `context'
  rack (1.5.5) lib/rack/session/abstract/id.rb:220:in `call'
  actionpack (4.1.8) lib/action_dispatch/middleware/cookies.rb:560:in `call'
  activerecord (4.1.8) lib/active_record/query_cache.rb:36:in `call'
  activerecord (4.1.8) lib/active_record/connection_adapters/abstract/connection_pool.rb:621:in `call'
  activerecord (4.1.8) lib/active_record/migration.rb:380:in `call'
  actionpack (4.1.8) lib/action_dispatch/middleware/callbacks.rb:29:in `block in call'
  activesupport (4.1.8) lib/active_support/callbacks.rb:82:in `run_callbacks'
  actionpack (4.1.8) lib/action_dispatch/middleware/callbacks.rb:27:in `call'
  actionpack (4.1.8) lib/action_dispatch/middleware/reloader.rb:73:in `call'
  actionpack (4.1.8) lib/action_dispatch/middleware/remote_ip.rb:76:in `call'
  actionpack (4.1.8) lib/action_dispatch/middleware/debug_exceptions.rb:17:in `call'
  actionpack (4.1.8) lib/action_dispatch/middleware/show_exceptions.rb:30:in `call'
  railties (4.1.8) lib/rails/rack/logger.rb:38:in `call_app'
  railties (4.1.8) lib/rails/rack/logger.rb:20:in `block in call'
  activesupport (4.1.8) lib/active_support/tagged_logging.rb:68:in `block in tagged'
  activesupport (4.1.8) lib/active_support/tagged_logging.rb:26:in `tagged'
  activesupport (4.1.8) lib/active_support/tagged_logging.rb:68:in `tagged'
  railties (4.1.8) lib/rails/rack/logger.rb:20:in `call'
  actionpack (4.1.8) lib/action_dispatch/middleware/request_id.rb:21:in `call'
  rack (1.5.5) lib/rack/methodoverride.rb:21:in `call'
  rack (1.5.5) lib/rack/runtime.rb:17:in `call'
  activesupport (4.1.8) lib/active_support/cache/strategy/local_cache_middleware.rb:26:in `call'
  rack (1.5.5) lib/rack/lock.rb:17:in `call'
  actionpack (4.1.8) lib/action_dispatch/middleware/static.rb:84:in `call'
  rack (1.5.5) lib/rack/sendfile.rb:112:in `call'
  railties (4.1.8) lib/rails/engine.rb:514:in `call'
  railties (4.1.8) lib/rails/application.rb:144:in `call'
  rack (1.5.5) lib/rack/lock.rb:17:in `call'
  rack (1.5.5) lib/rack/content_length.rb:14:in `call'
  rack (1.5.5) lib/rack/handler/webrick.rb:60:in `service'
  C:/RailsInstaller/Ruby2.0.0/lib/ruby/2.0.0/webrick/httpserver.rb:138:in `service'
  C:/RailsInstaller/Ruby2.0.0/lib/ruby/2.0.0/webrick/httpserver.rb:94:in `run'
  C:/RailsInstaller/Ruby2.0.0/lib/ruby/2.0.0/webrick/server.rb:295:in `block in start_thread'


  Rendered C:/RailsInstaller/Ruby2.0.0/lib/ruby/gems/2.0.0/gems/actionpack-4.1.8/lib/action_dispatch/middleware/templates/rescues/_trace.html.erb (1.0ms)
  Rendered C:/RailsInstaller/Ruby2.0.0/lib/ruby/gems/2.0.0/gems/actionpack-4.1.8/lib/action_dispatch/middleware/templates/routes/_route.html.erb (1.0ms)
  Rendered C:/RailsInstaller/Ruby2.0.0/lib/ruby/gems/2.0.0/gems/actionpack-4.1.8/lib/action_dispatch/middleware/templates/routes/_table.html.erb (15.9ms)
  Rendered C:/RailsInstaller/Ruby2.0.0/lib/ruby/gems/2.0.0/gems/actionpack-4.1.8/lib/action_dispatch/middleware/templates/rescues/routing_error.html.erb within rescues/layout (74.5ms)


Started GET "/tweet/new" for 127.0.0.1 at 2016-02-23 16:43:21 -0500

ActionController::RoutingError (No route matches [GET] "/tweet/new"):
  actionpack (4.1.8) lib/action_dispatch/middleware/debug_exceptions.rb:21:in `call'
  actionpack (4.1.8) lib/action_dispatch/middleware/show_exceptions.rb:30:in `call'
  railties (4.1.8) lib/rails/rack/logger.rb:38:in `call_app'
  railties (4.1.8) lib/rails/rack/logger.rb:20:in `block in call'
  activesupport (4.1.8) lib/active_support/tagged_logging.rb:68:in `block in tagged'
  activesupport (4.1.8) lib/active_support/tagged_logging.rb:26:in `tagged'
  activesupport (4.1.8) lib/active_support/tagged_logging.rb:68:in `tagged'
  railties (4.1.8) lib/rails/rack/logger.rb:20:in `call'
  actionpack (4.1.8) lib/action_dispatch/middleware/request_id.rb:21:in `call'
  rack (1.5.5) lib/rack/methodoverride.rb:21:in `call'
  rack (1.5.5) lib/rack/runtime.rb:17:in `call'
  activesupport (4.1.8) lib/active_support/cache/strategy/local_cache_middleware.rb:26:in `call'
  rack (1.5.5) lib/rack/lock.rb:17:in `call'
  actionpack (4.1.8) lib/action_dispatch/middleware/static.rb:84:in `call'
  rack (1.5.5) lib/rack/sendfile.rb:112:in `call'
  railties (4.1.8) lib/rails/engine.rb:514:in `call'
  railties (4.1.8) lib/rails/application.rb:144:in `call'
  rack (1.5.5) lib/rack/lock.rb:17:in `call'
  rack (1.5.5) lib/rack/content_length.rb:14:in `call'
  rack (1.5.5) lib/rack/handler/webrick.rb:60:in `service'
  C:/RailsInstaller/Ruby2.0.0/lib/ruby/2.0.0/webrick/httpserver.rb:138:in `service'
  C:/RailsInstaller/Ruby2.0.0/lib/ruby/2.0.0/webrick/httpserver.rb:94:in `run'
  C:/RailsInstaller/Ruby2.0.0/lib/ruby/2.0.0/webrick/server.rb:295:in `block in start_thread'


  Rendered C:/RailsInstaller/Ruby2.0.0/lib/ruby/gems/2.0.0/gems/actionpack-4.1.8/lib/action_dispatch/middleware/templates/rescues/_trace.html.erb (2.0ms)
  Rendered C:/RailsInstaller/Ruby2.0.0/lib/ruby/gems/2.0.0/gems/actionpack-4.1.8/lib/action_dispatch/middleware/templates/routes/_route.html.erb (2.0ms)
  Rendered C:/RailsInstaller/Ruby2.0.0/lib/ruby/gems/2.0.0/gems/actionpack-4.1.8/lib/action_dispatch/middleware/templates/routes/_table.html.erb (2.0ms)
  Rendered C:/RailsInstaller/Ruby2.0.0/lib/ruby/gems/2.0.0/gems/actionpack-4.1.8/lib/action_dispatch/middleware/templates/rescues/routing_error.html.erb within rescues/layout (63.5ms)


Started GET "/tweets/new" for 127.0.0.1 at 2016-02-23 16:43:27 -0500
Processing by TweetsController#new as HTML
  Rendered tweets/new.html.erb within layouts/application (0.0ms)
Completed 200 OK in 115ms (Views: 102.8ms | ActiveRecord: 0.0ms)


Started GET "/assets/home.css?body=1" for 127.0.0.1 at 2016-02-23 16:43:27 -0500


Started GET "/assets/tweets.css?body=1" for 127.0.0.1 at 2016-02-23 16:43:27 -0500


Started GET "/assets/application.css?body=1" for 127.0.0.1 at 2016-02-23 16:43:27 -0500


Started GET "/tweets/new" for 127.0.0.1 at 2016-02-23 17:01:23 -0500
  [1m[36mActiveRecord::SchemaMigration Load (0.0ms)[0m  [1mSELECT "schema_migrations".* FROM "schema_migrations"[0m
Processing by TweetsController#new as HTML
  Rendered tweets/new.html.erb within layouts/application (1.0ms)
Completed 500 Internal Server Error in 39ms

SyntaxError (C:/Users/diplomado/Documents/prueba/app/views/tweets/new.html.erb:3: syntax error, unexpected ')'
....append=( form_for :tweet |f| );@output_buffer.safe_append='
...                               ^
C:/Users/diplomado/Documents/prueba/app/views/tweets/new.html.erb:13: syntax error, unexpected keyword_end, expecting ')'
'.freeze; end ;@output_buffer.to_s
             ^
C:/Users/diplomado/Documents/prueba/app/views/tweets/new.html.erb:14: syntax error, unexpected keyword_ensure, expecting ')'
C:/Users/diplomado/Documents/prueba/app/views/tweets/new.html.erb:16: syntax error, unexpected keyword_end, expecting ')'):
  app/views/tweets/new.html.erb:3: syntax error, unexpected ')'
  app/views/tweets/new.html.erb:13: syntax error, unexpected keyword_end, expecting ')'
  app/views/tweets/new.html.erb:14: syntax error, unexpected keyword_ensure, expecting ')'
  app/views/tweets/new.html.erb:16: syntax error, unexpected keyword_end, expecting ')'


  Rendered C:/RailsInstaller/Ruby2.0.0/lib/ruby/gems/2.0.0/gems/actionpack-4.1.8/lib/action_dispatch/middleware/templates/rescues/_source.erb (1.0ms)
  Rendered C:/RailsInstaller/Ruby2.0.0/lib/ruby/gems/2.0.0/gems/actionpack-4.1.8/lib/action_dispatch/middleware/templates/rescues/_trace.html.erb (1.0ms)
  Rendered C:/RailsInstaller/Ruby2.0.0/lib/ruby/gems/2.0.0/gems/actionpack-4.1.8/lib/action_dispatch/middleware/templates/rescues/_request_and_response.html.erb (0.0ms)
  Rendered C:/RailsInstaller/Ruby2.0.0/lib/ruby/gems/2.0.0/gems/actionpack-4.1.8/lib/action_dispatch/middleware/templates/rescues/diagnostics.erb within rescues/layout (39.1ms)


Started GET "/tweets/new" for 127.0.0.1 at 2016-02-23 17:01:39 -0500
Processing by TweetsController#new as HTML
  Rendered tweets/new.html.erb within layouts/application (1.0ms)
Completed 500 Internal Server Error in 4ms

SyntaxError (C:/Users/diplomado/Documents/prueba/app/views/tweets/new.html.erb:3: syntax error, unexpected ')'
...append=( form_for :tweets |f| );@output_buffer.safe_append='
...                               ^
C:/Users/diplomado/Documents/prueba/app/views/tweets/new.html.erb:13: syntax error, unexpected keyword_end, expecting ')'
'.freeze; end ;@output_buffer.to_s
             ^
C:/Users/diplomado/Documents/prueba/app/views/tweets/new.html.erb:14: syntax error, unexpected keyword_ensure, expecting ')'
C:/Users/diplomado/Documents/prueba/app/views/tweets/new.html.erb:16: syntax error, unexpected keyword_end, expecting ')'):
  app/views/tweets/new.html.erb:3: syntax error, unexpected ')'
  app/views/tweets/new.html.erb:13: syntax error, unexpected keyword_end, expecting ')'
  app/views/tweets/new.html.erb:14: syntax error, unexpected keyword_ensure, expecting ')'
  app/views/tweets/new.html.erb:16: syntax error, unexpected keyword_end, expecting ')'


  Rendered C:/RailsInstaller/Ruby2.0.0/lib/ruby/gems/2.0.0/gems/actionpack-4.1.8/lib/action_dispatch/middleware/templates/rescues/_source.erb (0.0ms)
  Rendered C:/RailsInstaller/Ruby2.0.0/lib/ruby/gems/2.0.0/gems/actionpack-4.1.8/lib/action_dispatch/middleware/templates/rescues/_trace.html.erb (1.0ms)
  Rendered C:/RailsInstaller/Ruby2.0.0/lib/ruby/gems/2.0.0/gems/actionpack-4.1.8/lib/action_dispatch/middleware/templates/rescues/_request_and_response.html.erb (1.0ms)
  Rendered C:/RailsInstaller/Ruby2.0.0/lib/ruby/gems/2.0.0/gems/actionpack-4.1.8/lib/action_dispatch/middleware/templates/rescues/diagnostics.erb within rescues/layout (29.3ms)


Started GET "/tweets/new" for 127.0.0.1 at 2016-02-23 17:01:40 -0500
Processing by TweetsController#new as HTML
  Rendered tweets/new.html.erb within layouts/application (0.0ms)
Completed 500 Internal Server Error in 4ms

SyntaxError (C:/Users/diplomado/Documents/prueba/app/views/tweets/new.html.erb:3: syntax error, unexpected ')'
...append=( form_for :tweets |f| );@output_buffer.safe_append='
...                               ^
C:/Users/diplomado/Documents/prueba/app/views/tweets/new.html.erb:13: syntax error, unexpected keyword_end, expecting ')'
'.freeze; end ;@output_buffer.to_s
             ^
C:/Users/diplomado/Documents/prueba/app/views/tweets/new.html.erb:14: syntax error, unexpected keyword_ensure, expecting ')'
C:/Users/diplomado/Documents/prueba/app/views/tweets/new.html.erb:16: syntax error, unexpected keyword_end, expecting ')'):
  app/views/tweets/new.html.erb:3: syntax error, unexpected ')'
  app/views/tweets/new.html.erb:13: syntax error, unexpected keyword_end, expecting ')'
  app/views/tweets/new.html.erb:14: syntax error, unexpected keyword_ensure, expecting ')'
  app/views/tweets/new.html.erb:16: syntax error, unexpected keyword_end, expecting ')'


  Rendered C:/RailsInstaller/Ruby2.0.0/lib/ruby/gems/2.0.0/gems/actionpack-4.1.8/lib/action_dispatch/middleware/templates/rescues/_source.erb (1.0ms)
  Rendered C:/RailsInstaller/Ruby2.0.0/lib/ruby/gems/2.0.0/gems/actionpack-4.1.8/lib/action_dispatch/middleware/templates/rescues/_trace.html.erb (1.0ms)
  Rendered C:/RailsInstaller/Ruby2.0.0/lib/ruby/gems/2.0.0/gems/actionpack-4.1.8/lib/action_dispatch/middleware/templates/rescues/_request_and_response.html.erb (1.0ms)
  Rendered C:/RailsInstaller/Ruby2.0.0/lib/ruby/gems/2.0.0/gems/actionpack-4.1.8/lib/action_dispatch/middleware/templates/rescues/diagnostics.erb within rescues/layout (27.3ms)


Started GET "/tweets/new" for 127.0.0.1 at 2016-02-23 17:02:11 -0500
Processing by TweetsController#new as HTML
  Rendered tweets/new.html.erb within layouts/application (1.0ms)
Completed 500 Internal Server Error in 7ms

SyntaxError (C:/Users/diplomado/Documents/prueba/app/views/tweets/new.html.erb:3: syntax error, unexpected ')'
....append=( form_for :tweet |f| );@output_buffer.safe_append='
...                               ^
C:/Users/diplomado/Documents/prueba/app/views/tweets/new.html.erb:13: syntax error, unexpected keyword_end, expecting ')'
'.freeze; end ;@output_buffer.to_s
             ^
C:/Users/diplomado/Documents/prueba/app/views/tweets/new.html.erb:14: syntax error, unexpected keyword_ensure, expecting ')'
C:/Users/diplomado/Documents/prueba/app/views/tweets/new.html.erb:16: syntax error, unexpected keyword_end, expecting ')'):
  app/views/tweets/new.html.erb:3: syntax error, unexpected ')'
  app/views/tweets/new.html.erb:13: syntax error, unexpected keyword_end, expecting ')'
  app/views/tweets/new.html.erb:14: syntax error, unexpected keyword_ensure, expecting ')'
  app/views/tweets/new.html.erb:16: syntax error, unexpected keyword_end, expecting ')'


  Rendered C:/RailsInstaller/Ruby2.0.0/lib/ruby/gems/2.0.0/gems/actionpack-4.1.8/lib/action_dispatch/middleware/templates/rescues/_source.erb (1.0ms)
  Rendered C:/RailsInstaller/Ruby2.0.0/lib/ruby/gems/2.0.0/gems/actionpack-4.1.8/lib/action_dispatch/middleware/templates/rescues/_trace.html.erb (2.9ms)
  Rendered C:/RailsInstaller/Ruby2.0.0/lib/ruby/gems/2.0.0/gems/actionpack-4.1.8/lib/action_dispatch/middleware/templates/rescues/_request_and_response.html.erb (2.0ms)
  Rendered C:/RailsInstaller/Ruby2.0.0/lib/ruby/gems/2.0.0/gems/actionpack-4.1.8/lib/action_dispatch/middleware/templates/rescues/diagnostics.erb within rescues/layout (81.1ms)


Started GET "/tweets/new" for 127.0.0.1 at 2016-02-23 17:02:37 -0500
Processing by TweetsController#new as HTML
  Rendered tweets/new.html.erb within layouts/application (64.0ms)
Completed 200 OK in 102ms (Views: 100.1ms | ActiveRecord: 0.0ms)


Started GET "/assets/home.css?body=1" for 127.0.0.1 at 2016-02-23 17:02:37 -0500


Started GET "/assets/tweets.css?body=1" for 127.0.0.1 at 2016-02-23 17:02:37 -0500


Started GET "/assets/application.css?body=1" for 127.0.0.1 at 2016-02-23 17:02:37 -0500


Started POST "/tweets/new" for 127.0.0.1 at 2016-02-23 17:02:52 -0500

ActionController::RoutingError (No route matches [POST] "/tweets/new"):
  actionpack (4.1.8) lib/action_dispatch/middleware/debug_exceptions.rb:21:in `call'
  actionpack (4.1.8) lib/action_dispatch/middleware/show_exceptions.rb:30:in `call'
  railties (4.1.8) lib/rails/rack/logger.rb:38:in `call_app'
  railties (4.1.8) lib/rails/rack/logger.rb:20:in `block in call'
  activesupport (4.1.8) lib/active_support/tagged_logging.rb:68:in `block in tagged'
  activesupport (4.1.8) lib/active_support/tagged_logging.rb:26:in `tagged'
  activesupport (4.1.8) lib/active_support/tagged_logging.rb:68:in `tagged'
  railties (4.1.8) lib/rails/rack/logger.rb:20:in `call'
  actionpack (4.1.8) lib/action_dispatch/middleware/request_id.rb:21:in `call'
  rack (1.5.5) lib/rack/methodoverride.rb:21:in `call'
  rack (1.5.5) lib/rack/runtime.rb:17:in `call'
  activesupport (4.1.8) lib/active_support/cache/strategy/local_cache_middleware.rb:26:in `call'
  rack (1.5.5) lib/rack/lock.rb:17:in `call'
  actionpack (4.1.8) lib/action_dispatch/middleware/static.rb:84:in `call'
  rack (1.5.5) lib/rack/sendfile.rb:112:in `call'
  railties (4.1.8) lib/rails/engine.rb:514:in `call'
  railties (4.1.8) lib/rails/application.rb:144:in `call'
  rack (1.5.5) lib/rack/lock.rb:17:in `call'
  rack (1.5.5) lib/rack/content_length.rb:14:in `call'
  rack (1.5.5) lib/rack/handler/webrick.rb:60:in `service'
  C:/RailsInstaller/Ruby2.0.0/lib/ruby/2.0.0/webrick/httpserver.rb:138:in `service'
  C:/RailsInstaller/Ruby2.0.0/lib/ruby/2.0.0/webrick/httpserver.rb:94:in `run'
  C:/RailsInstaller/Ruby2.0.0/lib/ruby/2.0.0/webrick/server.rb:295:in `block in start_thread'


  Rendered C:/RailsInstaller/Ruby2.0.0/lib/ruby/gems/2.0.0/gems/actionpack-4.1.8/lib/action_dispatch/middleware/templates/rescues/_trace.html.erb (1.0ms)
  Rendered C:/RailsInstaller/Ruby2.0.0/lib/ruby/gems/2.0.0/gems/actionpack-4.1.8/lib/action_dispatch/middleware/templates/routes/_route.html.erb (2.0ms)
  Rendered C:/RailsInstaller/Ruby2.0.0/lib/ruby/gems/2.0.0/gems/actionpack-4.1.8/lib/action_dispatch/middleware/templates/routes/_table.html.erb (4.9ms)
  Rendered C:/RailsInstaller/Ruby2.0.0/lib/ruby/gems/2.0.0/gems/actionpack-4.1.8/lib/action_dispatch/middleware/templates/rescues/routing_error.html.erb within rescues/layout (87.7ms)


Started GET "/tweets/new" for 127.0.0.1 at 2016-02-23 17:06:17 -0500
Processing by TweetsController#new as HTML
  Rendered tweets/new.html.erb within layouts/application (2.0ms)
Completed 200 OK in 60ms (Views: 58.1ms | ActiveRecord: 0.0ms)


Started GET "/assets/application.css?body=1" for 127.0.0.1 at 2016-02-23 17:06:17 -0500


Started GET "/assets/tweets.css?body=1" for 127.0.0.1 at 2016-02-23 17:06:17 -0500


Started GET "/assets/home.css?body=1" for 127.0.0.1 at 2016-02-23 17:06:17 -0500


Started GET "/tweets/new" for 127.0.0.1 at 2016-02-23 17:11:02 -0500
Processing by TweetsController#new as HTML
  Rendered tweets/new.html.erb within layouts/application (6.0ms)
Completed 200 OK in 27ms (Views: 22.0ms | ActiveRecord: 2.0ms)


Started GET "/assets/home.css?body=1" for 127.0.0.1 at 2016-02-23 17:11:02 -0500


Started GET "/assets/tweets.css?body=1" for 127.0.0.1 at 2016-02-23 17:11:02 -0500


Started GET "/assets/application.css?body=1" for 127.0.0.1 at 2016-02-23 17:11:02 -0500


Started GET "/tweets/new" for 127.0.0.1 at 2016-02-23 17:13:06 -0500
Processing by TweetsController#new as HTML
  Rendered tweets/new.html.erb within layouts/application (4.0ms)
Completed 200 OK in 21ms (Views: 18.0ms | ActiveRecord: 1.0ms)


Started GET "/assets/application.css?body=1" for 127.0.0.1 at 2016-02-23 17:13:06 -0500


Started GET "/assets/tweets.css?body=1" for 127.0.0.1 at 2016-02-23 17:13:06 -0500


Started GET "/assets/home.css?body=1" for 127.0.0.1 at 2016-02-23 17:13:06 -0500


Started POST "/tweets" for 127.0.0.1 at 2016-02-23 17:13:35 -0500
Processing by TweetsController#create as HTML
  Parameters: {"utf8"=>"✓", "authenticity_token"=>"DRIS/0STSri+J+gpRyDxjAPoPQyLUjgxIZ6QzEgE9II=", "tweet"=>{"message"=>"Hola"}, "commit"=>"Create Tweet"}
Completed 500 Internal Server Error in 17ms

NoMethodError (undefined method `save!' for {"message"=>"Hola"}:ActionController::Parameters):
  app/controllers/tweets_controller.rb:9:in `create'


  Rendered C:/RailsInstaller/Ruby2.0.0/lib/ruby/gems/2.0.0/gems/actionpack-4.1.8/lib/action_dispatch/middleware/templates/rescues/_source.erb (1.0ms)
  Rendered C:/RailsInstaller/Ruby2.0.0/lib/ruby/gems/2.0.0/gems/actionpack-4.1.8/lib/action_dispatch/middleware/templates/rescues/_trace.html.erb (1.0ms)
  Rendered C:/RailsInstaller/Ruby2.0.0/lib/ruby/gems/2.0.0/gems/actionpack-4.1.8/lib/action_dispatch/middleware/templates/rescues/_request_and_response.html.erb (0.0ms)
  Rendered C:/RailsInstaller/Ruby2.0.0/lib/ruby/gems/2.0.0/gems/actionpack-4.1.8/lib/action_dispatch/middleware/templates/rescues/diagnostics.erb within rescues/layout (29.0ms)


Started POST "/tweets" for 127.0.0.1 at 2016-02-23 17:13:46 -0500
Processing by TweetsController#create as HTML
  Parameters: {"utf8"=>"✓", "authenticity_token"=>"DRIS/0STSri+J+gpRyDxjAPoPQyLUjgxIZ6QzEgE9II=", "tweet"=>{"message"=>"Hola"}, "commit"=>"Create Tweet"}
Completed 500 Internal Server Error in 1ms

NoMethodError (undefined method `save' for {"message"=>"Hola"}:ActionController::Parameters):
  app/controllers/tweets_controller.rb:10:in `create'


  Rendered C:/RailsInstaller/Ruby2.0.0/lib/ruby/gems/2.0.0/gems/actionpack-4.1.8/lib/action_dispatch/middleware/templates/rescues/_source.erb (0.0ms)
  Rendered C:/RailsInstaller/Ruby2.0.0/lib/ruby/gems/2.0.0/gems/actionpack-4.1.8/lib/action_dispatch/middleware/templates/rescues/_trace.html.erb (1.0ms)
  Rendered C:/RailsInstaller/Ruby2.0.0/lib/ruby/gems/2.0.0/gems/actionpack-4.1.8/lib/action_dispatch/middleware/templates/rescues/_request_and_response.html.erb (1.0ms)
  Rendered C:/RailsInstaller/Ruby2.0.0/lib/ruby/gems/2.0.0/gems/actionpack-4.1.8/lib/action_dispatch/middleware/templates/rescues/diagnostics.erb within rescues/layout (31.0ms)


Started POST "/tweets" for 127.0.0.1 at 2016-02-23 17:14:02 -0500
Processing by TweetsController#create as HTML
  Parameters: {"utf8"=>"✓", "authenticity_token"=>"DRIS/0STSri+J+gpRyDxjAPoPQyLUjgxIZ6QzEgE9II=", "tweet"=>{"message"=>"Hola"}, "commit"=>"Create Tweet"}
Completed 500 Internal Server Error in 1ms

NoMethodError (undefined method `save' for {"message"=>"Hola"}:ActionController::Parameters):
  app/controllers/tweets_controller.rb:10:in `create'


  Rendered C:/RailsInstaller/Ruby2.0.0/lib/ruby/gems/2.0.0/gems/actionpack-4.1.8/lib/action_dispatch/middleware/templates/rescues/_source.erb (0.0ms)
  Rendered C:/RailsInstaller/Ruby2.0.0/lib/ruby/gems/2.0.0/gems/actionpack-4.1.8/lib/action_dispatch/middleware/templates/rescues/_trace.html.erb (1.0ms)
  Rendered C:/RailsInstaller/Ruby2.0.0/lib/ruby/gems/2.0.0/gems/actionpack-4.1.8/lib/action_dispatch/middleware/templates/rescues/_request_and_response.html.erb (1.0ms)
  Rendered C:/RailsInstaller/Ruby2.0.0/lib/ruby/gems/2.0.0/gems/actionpack-4.1.8/lib/action_dispatch/middleware/templates/rescues/diagnostics.erb within rescues/layout (27.7ms)


Started POST "/tweets" for 127.0.0.1 at 2016-02-23 17:15:57 -0500
Processing by TweetsController#create as HTML
  Parameters: {"utf8"=>"✓", "authenticity_token"=>"DRIS/0STSri+J+gpRyDxjAPoPQyLUjgxIZ6QzEgE9II=", "tweet"=>{"message"=>"Hola"}, "commit"=>"Create Tweet"}
  [1m[35m (0.0ms)[0m  begin transaction
  [1m[36mSQL (1.0ms)[0m  [1mINSERT INTO "tweets" ("created_at", "message", "updated_at") VALUES (?, ?, ?)[0m  [["created_at", "2016-02-23 22:15:57.791017"], ["message", "Hola"], ["updated_at", "2016-02-23 22:15:57.791017"]]
  [1m[35m (109.3ms)[0m  commit transaction
Completed 500 Internal Server Error in 149ms

ActionView::MissingTemplate (Missing template tweets/create, application/create with {:locale=>[:en], :formats=>[:html], :variants=>[], :handlers=>[:erb, :builder, :raw, :ruby, :coffee, :jbuilder]}. Searched in:
  * "C:/Users/diplomado/Documents/prueba/app/views"
):
  actionview (4.1.8) lib/action_view/path_set.rb:46:in `find'
  actionview (4.1.8) lib/action_view/lookup_context.rb:124:in `find'
  C:in `find_template'
  actionview (4.1.8) lib/action_view/renderer/template_renderer.rb:41:in `determine_template'
  actionview (4.1.8) lib/action_view/renderer/template_renderer.rb:8:in `render'
  actionview (4.1.8) lib/action_view/renderer/renderer.rb:42:in `render_template'
  actionview (4.1.8) lib/action_view/renderer/renderer.rb:23:in `render'
  actionview (4.1.8) lib/action_view/rendering.rb:99:in `_render_template'
  actionpack (4.1.8) lib/action_controller/metal/streaming.rb:217:in `_render_template'
  actionview (4.1.8) lib/action_view/rendering.rb:82:in `render_to_body'
  actionpack (4.1.8) lib/action_controller/metal/rendering.rb:32:in `render_to_body'
  actionpack (4.1.8) lib/action_controller/metal/renderers.rb:32:in `render_to_body'
  actionpack (4.1.8) lib/abstract_controller/rendering.rb:25:in `render'
  actionpack (4.1.8) lib/action_controller/metal/rendering.rb:16:in `render'
  actionpack (4.1.8) lib/action_controller/metal/instrumentation.rb:41:in `block (2 levels) in render'
  activesupport (4.1.8) lib/active_support/core_ext/benchmark.rb:12:in `block in ms'
  C:/RailsInstaller/Ruby2.0.0/lib/ruby/2.0.0/benchmark.rb:296:in `realtime'
  activesupport (4.1.8) lib/active_support/core_ext/benchmark.rb:12:in `ms'
  actionpack (4.1.8) lib/action_controller/metal/instrumentation.rb:41:in `block in render'
  actionpack (4.1.8) lib/action_controller/metal/instrumentation.rb:84:in `cleanup_view_runtime'
  activerecord (4.1.8) lib/active_record/railties/controller_runtime.rb:25:in `cleanup_view_runtime'
  actionpack (4.1.8) lib/action_controller/metal/instrumentation.rb:40:in `render'
  actionpack (4.1.8) lib/action_controller/metal/implicit_render.rb:10:in `default_render'
  actionpack (4.1.8) lib/action_controller/metal/implicit_render.rb:5:in `send_action'
  actionpack (4.1.8) lib/abstract_controller/base.rb:189:in `process_action'
  actionpack (4.1.8) lib/action_controller/metal/rendering.rb:10:in `process_action'
  actionpack (4.1.8) lib/abstract_controller/callbacks.rb:20:in `block in process_action'
  activesupport (4.1.8) lib/active_support/callbacks.rb:113:in `call'
  activesupport (4.1.8) lib/active_support/callbacks.rb:113:in `call'
  activesupport (4.1.8) lib/active_support/callbacks.rb:229:in `block in halting'
  activesupport (4.1.8) lib/active_support/callbacks.rb:229:in `call'
  activesupport (4.1.8) lib/active_support/callbacks.rb:229:in `block in halting'
  activesupport (4.1.8) lib/active_support/callbacks.rb:166:in `call'
  activesupport (4.1.8) lib/active_support/callbacks.rb:166:in `block in halting'
  activesupport (4.1.8) lib/active_support/callbacks.rb:166:in `call'
  activesupport (4.1.8) lib/active_support/callbacks.rb:166:in `block in halting'
  activesupport (4.1.8) lib/active_support/callbacks.rb:166:in `call'
  activesupport (4.1.8) lib/active_support/callbacks.rb:166:in `block in halting'
  activesupport (4.1.8) lib/active_support/callbacks.rb:86:in `call'
  activesupport (4.1.8) lib/active_support/callbacks.rb:86:in `run_callbacks'
  actionpack (4.1.8) lib/abstract_controller/callbacks.rb:19:in `process_action'
  actionpack (4.1.8) lib/action_controller/metal/rescue.rb:29:in `process_action'
  actionpack (4.1.8) lib/action_controller/metal/instrumentation.rb:31:in `block in process_action'
  activesupport (4.1.8) lib/active_support/notifications.rb:159:in `block in instrument'
  activesupport (4.1.8) lib/active_support/notifications/instrumenter.rb:20:in `instrument'
  activesupport (4.1.8) lib/active_support/notifications.rb:159:in `instrument'
  actionpack (4.1.8) lib/action_controller/metal/instrumentation.rb:30:in `process_action'
  actionpack (4.1.8) lib/action_controller/metal/params_wrapper.rb:250:in `process_action'
  activerecord (4.1.8) lib/active_record/railties/controller_runtime.rb:18:in `process_action'
  actionpack (4.1.8) lib/abstract_controller/base.rb:136:in `process'
  actionview (4.1.8) lib/action_view/rendering.rb:30:in `process'
  actionpack (4.1.8) lib/action_controller/metal.rb:196:in `dispatch'
  actionpack (4.1.8) lib/action_controller/metal/rack_delegation.rb:13:in `dispatch'
  actionpack (4.1.8) lib/action_controller/metal.rb:232:in `block in action'
  actionpack (4.1.8) lib/action_dispatch/routing/route_set.rb:82:in `call'
  actionpack (4.1.8) lib/action_dispatch/routing/route_set.rb:82:in `dispatch'
  actionpack (4.1.8) lib/action_dispatch/routing/route_set.rb:50:in `call'
  actionpack (4.1.8) lib/action_dispatch/journey/router.rb:73:in `block in call'
  actionpack (4.1.8) lib/action_dispatch/journey/router.rb:59:in `each'
  actionpack (4.1.8) lib/action_dispatch/journey/router.rb:59:in `call'
  actionpack (4.1.8) lib/action_dispatch/routing/route_set.rb:678:in `call'
  rack (1.5.5) lib/rack/etag.rb:23:in `call'
  rack (1.5.5) lib/rack/conditionalget.rb:35:in `call'
  rack (1.5.5) lib/rack/head.rb:11:in `call'
  actionpack (4.1.8) lib/action_dispatch/middleware/params_parser.rb:27:in `call'
  actionpack (4.1.8) lib/action_dispatch/middleware/flash.rb:254:in `call'
  rack (1.5.5) lib/rack/session/abstract/id.rb:225:in `context'
  rack (1.5.5) lib/rack/session/abstract/id.rb:220:in `call'
  actionpack (4.1.8) lib/action_dispatch/middleware/cookies.rb:560:in `call'
  activerecord (4.1.8) lib/active_record/query_cache.rb:36:in `call'
  activerecord (4.1.8) lib/active_record/connection_adapters/abstract/connection_pool.rb:621:in `call'
  activerecord (4.1.8) lib/active_record/migration.rb:380:in `call'
  actionpack (4.1.8) lib/action_dispatch/middleware/callbacks.rb:29:in `block in call'
  activesupport (4.1.8) lib/active_support/callbacks.rb:82:in `run_callbacks'
  actionpack (4.1.8) lib/action_dispatch/middleware/callbacks.rb:27:in `call'
  actionpack (4.1.8) lib/action_dispatch/middleware/reloader.rb:73:in `call'
  actionpack (4.1.8) lib/action_dispatch/middleware/remote_ip.rb:76:in `call'
  actionpack (4.1.8) lib/action_dispatch/middleware/debug_exceptions.rb:17:in `call'
  actionpack (4.1.8) lib/action_dispatch/middleware/show_exceptions.rb:30:in `call'
  railties (4.1.8) lib/rails/rack/logger.rb:38:in `call_app'
  railties (4.1.8) lib/rails/rack/logger.rb:20:in `block in call'
  activesupport (4.1.8) lib/active_support/tagged_logging.rb:68:in `block in tagged'
  activesupport (4.1.8) lib/active_support/tagged_logging.rb:26:in `tagged'
  activesupport (4.1.8) lib/active_support/tagged_logging.rb:68:in `tagged'
  railties (4.1.8) lib/rails/rack/logger.rb:20:in `call'
  actionpack (4.1.8) lib/action_dispatch/middleware/request_id.rb:21:in `call'
  rack (1.5.5) lib/rack/methodoverride.rb:21:in `call'
  rack (1.5.5) lib/rack/runtime.rb:17:in `call'
  activesupport (4.1.8) lib/active_support/cache/strategy/local_cache_middleware.rb:26:in `call'
  rack (1.5.5) lib/rack/lock.rb:17:in `call'
  actionpack (4.1.8) lib/action_dispatch/middleware/static.rb:84:in `call'
  rack (1.5.5) lib/rack/sendfile.rb:112:in `call'
  railties (4.1.8) lib/rails/engine.rb:514:in `call'
  railties (4.1.8) lib/rails/application.rb:144:in `call'
  rack (1.5.5) lib/rack/lock.rb:17:in `call'
  rack (1.5.5) lib/rack/content_length.rb:14:in `call'
  rack (1.5.5) lib/rack/handler/webrick.rb:60:in `service'
  C:/RailsInstaller/Ruby2.0.0/lib/ruby/2.0.0/webrick/httpserver.rb:138:in `service'
  C:/RailsInstaller/Ruby2.0.0/lib/ruby/2.0.0/webrick/httpserver.rb:94:in `run'
  C:/RailsInstaller/Ruby2.0.0/lib/ruby/2.0.0/webrick/server.rb:295:in `block in start_thread'


  Rendered C:/RailsInstaller/Ruby2.0.0/lib/ruby/gems/2.0.0/gems/actionpack-4.1.8/lib/action_dispatch/middleware/templates/rescues/missing_template.html.erb within rescues/layout (0.0ms)


Started POST "/tweets" for 127.0.0.1 at 2016-02-23 17:17:00 -0500
Processing by TweetsController#create as HTML
  Parameters: {"utf8"=>"✓", "authenticity_token"=>"DRIS/0STSri+J+gpRyDxjAPoPQyLUjgxIZ6QzEgE9II=", "tweet"=>{"message"=>"Hola"}, "commit"=>"Create Tweet"}
  [1m[36m (0.0ms)[0m  [1mbegin transaction[0m
  [1m[35mSQL (1.0ms)[0m  INSERT INTO "tweets" ("created_at", "message", "updated_at") VALUES (?, ?, ?)  [["created_at", "2016-02-23 22:17:00.620788"], ["message", "Hola"], ["updated_at", "2016-02-23 22:17:00.620788"]]
  [1m[36m (97.0ms)[0m  [1mcommit transaction[0m
Completed 500 Internal Server Error in 112ms

ActionView::MissingTemplate (Missing template tweets/create, application/create with {:locale=>[:en], :formats=>[:html], :variants=>[], :handlers=>[:erb, :builder, :raw, :ruby, :coffee, :jbuilder]}. Searched in:
  * "C:/Users/diplomado/Documents/prueba/app/views"
):
  actionview (4.1.8) lib/action_view/path_set.rb:46:in `find'
  actionview (4.1.8) lib/action_view/lookup_context.rb:124:in `find'
  C:in `find_template'
  actionview (4.1.8) lib/action_view/renderer/template_renderer.rb:41:in `determine_template'
  actionview (4.1.8) lib/action_view/renderer/template_renderer.rb:8:in `render'
  actionview (4.1.8) lib/action_view/renderer/renderer.rb:42:in `render_template'
  actionview (4.1.8) lib/action_view/renderer/renderer.rb:23:in `render'
  actionview (4.1.8) lib/action_view/rendering.rb:99:in `_render_template'
  actionpack (4.1.8) lib/action_controller/metal/streaming.rb:217:in `_render_template'
  actionview (4.1.8) lib/action_view/rendering.rb:82:in `render_to_body'
  actionpack (4.1.8) lib/action_controller/metal/rendering.rb:32:in `render_to_body'
  actionpack (4.1.8) lib/action_controller/metal/renderers.rb:32:in `render_to_body'
  actionpack (4.1.8) lib/abstract_controller/rendering.rb:25:in `render'
  actionpack (4.1.8) lib/action_controller/metal/rendering.rb:16:in `render'
  actionpack (4.1.8) lib/action_controller/metal/instrumentation.rb:41:in `block (2 levels) in render'
  activesupport (4.1.8) lib/active_support/core_ext/benchmark.rb:12:in `block in ms'
  C:/RailsInstaller/Ruby2.0.0/lib/ruby/2.0.0/benchmark.rb:296:in `realtime'
  activesupport (4.1.8) lib/active_support/core_ext/benchmark.rb:12:in `ms'
  actionpack (4.1.8) lib/action_controller/metal/instrumentation.rb:41:in `block in render'
  actionpack (4.1.8) lib/action_controller/metal/instrumentation.rb:84:in `cleanup_view_runtime'
  activerecord (4.1.8) lib/active_record/railties/controller_runtime.rb:25:in `cleanup_view_runtime'
  actionpack (4.1.8) lib/action_controller/metal/instrumentation.rb:40:in `render'
  actionpack (4.1.8) lib/action_controller/metal/implicit_render.rb:10:in `default_render'
  actionpack (4.1.8) lib/action_controller/metal/implicit_render.rb:5:in `send_action'
  actionpack (4.1.8) lib/abstract_controller/base.rb:189:in `process_action'
  actionpack (4.1.8) lib/action_controller/metal/rendering.rb:10:in `process_action'
  actionpack (4.1.8) lib/abstract_controller/callbacks.rb:20:in `block in process_action'
  activesupport (4.1.8) lib/active_support/callbacks.rb:113:in `call'
  activesupport (4.1.8) lib/active_support/callbacks.rb:113:in `call'
  activesupport (4.1.8) lib/active_support/callbacks.rb:229:in `block in halting'
  activesupport (4.1.8) lib/active_support/callbacks.rb:229:in `call'
  activesupport (4.1.8) lib/active_support/callbacks.rb:229:in `block in halting'
  activesupport (4.1.8) lib/active_support/callbacks.rb:166:in `call'
  activesupport (4.1.8) lib/active_support/callbacks.rb:166:in `block in halting'
  activesupport (4.1.8) lib/active_support/callbacks.rb:166:in `call'
  activesupport (4.1.8) lib/active_support/callbacks.rb:166:in `block in halting'
  activesupport (4.1.8) lib/active_support/callbacks.rb:166:in `call'
  activesupport (4.1.8) lib/active_support/callbacks.rb:166:in `block in halting'
  activesupport (4.1.8) lib/active_support/callbacks.rb:86:in `call'
  activesupport (4.1.8) lib/active_support/callbacks.rb:86:in `run_callbacks'
  actionpack (4.1.8) lib/abstract_controller/callbacks.rb:19:in `process_action'
  actionpack (4.1.8) lib/action_controller/metal/rescue.rb:29:in `process_action'
  actionpack (4.1.8) lib/action_controller/metal/instrumentation.rb:31:in `block in process_action'
  activesupport (4.1.8) lib/active_support/notifications.rb:159:in `block in instrument'
  activesupport (4.1.8) lib/active_support/notifications/instrumenter.rb:20:in `instrument'
  activesupport (4.1.8) lib/active_support/notifications.rb:159:in `instrument'
  actionpack (4.1.8) lib/action_controller/metal/instrumentation.rb:30:in `process_action'
  actionpack (4.1.8) lib/action_controller/metal/params_wrapper.rb:250:in `process_action'
  activerecord (4.1.8) lib/active_record/railties/controller_runtime.rb:18:in `process_action'
  actionpack (4.1.8) lib/abstract_controller/base.rb:136:in `process'
  actionview (4.1.8) lib/action_view/rendering.rb:30:in `process'
  actionpack (4.1.8) lib/action_controller/metal.rb:196:in `dispatch'
  actionpack (4.1.8) lib/action_controller/metal/rack_delegation.rb:13:in `dispatch'
  actionpack (4.1.8) lib/action_controller/metal.rb:232:in `block in action'
  actionpack (4.1.8) lib/action_dispatch/routing/route_set.rb:82:in `call'
  actionpack (4.1.8) lib/action_dispatch/routing/route_set.rb:82:in `dispatch'
  actionpack (4.1.8) lib/action_dispatch/routing/route_set.rb:50:in `call'
  actionpack (4.1.8) lib/action_dispatch/journey/router.rb:73:in `block in call'
  actionpack (4.1.8) lib/action_dispatch/journey/router.rb:59:in `each'
  actionpack (4.1.8) lib/action_dispatch/journey/router.rb:59:in `call'
  actionpack (4.1.8) lib/action_dispatch/routing/route_set.rb:678:in `call'
  rack (1.5.5) lib/rack/etag.rb:23:in `call'
  rack (1.5.5) lib/rack/conditionalget.rb:35:in `call'
  rack (1.5.5) lib/rack/head.rb:11:in `call'
  actionpack (4.1.8) lib/action_dispatch/middleware/params_parser.rb:27:in `call'
  actionpack (4.1.8) lib/action_dispatch/middleware/flash.rb:254:in `call'
  rack (1.5.5) lib/rack/session/abstract/id.rb:225:in `context'
  rack (1.5.5) lib/rack/session/abstract/id.rb:220:in `call'
  actionpack (4.1.8) lib/action_dispatch/middleware/cookies.rb:560:in `call'
  activerecord (4.1.8) lib/active_record/query_cache.rb:36:in `call'
  activerecord (4.1.8) lib/active_record/connection_adapters/abstract/connection_pool.rb:621:in `call'
  activerecord (4.1.8) lib/active_record/migration.rb:380:in `call'
  actionpack (4.1.8) lib/action_dispatch/middleware/callbacks.rb:29:in `block in call'
  activesupport (4.1.8) lib/active_support/callbacks.rb:82:in `run_callbacks'
  actionpack (4.1.8) lib/action_dispatch/middleware/callbacks.rb:27:in `call'
  actionpack (4.1.8) lib/action_dispatch/middleware/reloader.rb:73:in `call'
  actionpack (4.1.8) lib/action_dispatch/middleware/remote_ip.rb:76:in `call'
  actionpack (4.1.8) lib/action_dispatch/middleware/debug_exceptions.rb:17:in `call'
  actionpack (4.1.8) lib/action_dispatch/middleware/show_exceptions.rb:30:in `call'
  railties (4.1.8) lib/rails/rack/logger.rb:38:in `call_app'
  railties (4.1.8) lib/rails/rack/logger.rb:20:in `block in call'
  activesupport (4.1.8) lib/active_support/tagged_logging.rb:68:in `block in tagged'
  activesupport (4.1.8) lib/active_support/tagged_logging.rb:26:in `tagged'
  activesupport (4.1.8) lib/active_support/tagged_logging.rb:68:in `tagged'
  railties (4.1.8) lib/rails/rack/logger.rb:20:in `call'
  actionpack (4.1.8) lib/action_dispatch/middleware/request_id.rb:21:in `call'
  rack (1.5.5) lib/rack/methodoverride.rb:21:in `call'
  rack (1.5.5) lib/rack/runtime.rb:17:in `call'
  activesupport (4.1.8) lib/active_support/cache/strategy/local_cache_middleware.rb:26:in `call'
  rack (1.5.5) lib/rack/lock.rb:17:in `call'
  actionpack (4.1.8) lib/action_dispatch/middleware/static.rb:84:in `call'
  rack (1.5.5) lib/rack/sendfile.rb:112:in `call'
  railties (4.1.8) lib/rails/engine.rb:514:in `call'
  railties (4.1.8) lib/rails/application.rb:144:in `call'
  rack (1.5.5) lib/rack/lock.rb:17:in `call'
  rack (1.5.5) lib/rack/content_length.rb:14:in `call'
  rack (1.5.5) lib/rack/handler/webrick.rb:60:in `service'
  C:/RailsInstaller/Ruby2.0.0/lib/ruby/2.0.0/webrick/httpserver.rb:138:in `service'
  C:/RailsInstaller/Ruby2.0.0/lib/ruby/2.0.0/webrick/httpserver.rb:94:in `run'
  C:/RailsInstaller/Ruby2.0.0/lib/ruby/2.0.0/webrick/server.rb:295:in `block in start_thread'


  Rendered C:/RailsInstaller/Ruby2.0.0/lib/ruby/gems/2.0.0/gems/actionpack-4.1.8/lib/action_dispatch/middleware/templates/rescues/missing_template.html.erb within rescues/layout (0.0ms)


Started GET "/tweets/new" for 127.0.0.1 at 2016-02-23 17:18:54 -0500
Processing by TweetsController#new as HTML
  Rendered tweets/new.html.erb within layouts/application (5.0ms)
Completed 200 OK in 29ms (Views: 25.0ms | ActiveRecord: 1.0ms)


Started GET "/assets/home.css?body=1" for 127.0.0.1 at 2016-02-23 17:18:54 -0500


Started GET "/assets/tweets.css?body=1" for 127.0.0.1 at 2016-02-23 17:18:54 -0500


Started GET "/assets/application.css?body=1" for 127.0.0.1 at 2016-02-23 17:18:54 -0500


Started POST "/tweets" for 127.0.0.1 at 2016-02-23 17:18:58 -0500
Processing by TweetsController#create as HTML
  Parameters: {"utf8"=>"✓", "authenticity_token"=>"DRIS/0STSri+J+gpRyDxjAPoPQyLUjgxIZ6QzEgE9II=", "tweet"=>{"message"=>"Hola"}, "commit"=>"Create Tweet"}
  [1m[35m (0.0ms)[0m  begin transaction
  [1m[36mSQL (0.0ms)[0m  [1mINSERT INTO "tweets" ("created_at", "message", "updated_at") VALUES (?, ?, ?)[0m  [["created_at", "2016-02-23 22:18:58.973620"], ["message", "Hola"], ["updated_at", "2016-02-23 22:18:58.973620"]]
  [1m[35m (98.1ms)[0m  commit transaction
Completed 500 Internal Server Error in 109ms

NoMethodError (undefined method `redirect' for #<TweetsController:0x1f25f28>):
  app/controllers/tweets_controller.rb:10:in `create'


  Rendered C:/RailsInstaller/Ruby2.0.0/lib/ruby/gems/2.0.0/gems/actionpack-4.1.8/lib/action_dispatch/middleware/templates/rescues/_source.erb (0.0ms)
  Rendered C:/RailsInstaller/Ruby2.0.0/lib/ruby/gems/2.0.0/gems/actionpack-4.1.8/lib/action_dispatch/middleware/templates/rescues/_trace.html.erb (1.0ms)
  Rendered C:/RailsInstaller/Ruby2.0.0/lib/ruby/gems/2.0.0/gems/actionpack-4.1.8/lib/action_dispatch/middleware/templates/rescues/_request_and_response.html.erb (1.0ms)
  Rendered C:/RailsInstaller/Ruby2.0.0/lib/ruby/gems/2.0.0/gems/actionpack-4.1.8/lib/action_dispatch/middleware/templates/rescues/diagnostics.erb within rescues/layout (34.1ms)


Started GET "/tweets/new" for 127.0.0.1 at 2016-02-23 17:19:58 -0500
Processing by TweetsController#new as HTML
  Rendered tweets/new.html.erb within layouts/application (9.0ms)
Completed 200 OK in 46ms (Views: 38.0ms | ActiveRecord: 2.0ms)


Started GET "/assets/home.css?body=1" for 127.0.0.1 at 2016-02-23 17:19:58 -0500


Started GET "/assets/tweets.css?body=1" for 127.0.0.1 at 2016-02-23 17:19:58 -0500


Started GET "/assets/application.css?body=1" for 127.0.0.1 at 2016-02-23 17:19:58 -0500


Started POST "/tweets" for 127.0.0.1 at 2016-02-23 17:20:03 -0500
Processing by TweetsController#create as HTML
  Parameters: {"utf8"=>"✓", "authenticity_token"=>"DRIS/0STSri+J+gpRyDxjAPoPQyLUjgxIZ6QzEgE9II=", "tweet"=>{"message"=>"Hola"}, "commit"=>"Create Tweet"}
  [1m[36m (0.0ms)[0m  [1mbegin transaction[0m
  [1m[35mSQL (0.0ms)[0m  INSERT INTO "tweets" ("created_at", "message", "updated_at") VALUES (?, ?, ?)  [["created_at", "2016-02-23 22:20:03.532968"], ["message", "Hola"], ["updated_at", "2016-02-23 22:20:03.532968"]]
  [1m[36m (120.7ms)[0m  [1mcommit transaction[0m
Redirected to http://localhost:3000/
Completed 302 Found in 127ms (ActiveRecord: 120.7ms)


Started GET "/" for 127.0.0.1 at 2016-02-23 17:20:03 -0500
Processing by HomeController#index as HTML
  Rendered home/index.html within layouts/application (0.0ms)
Completed 200 OK in 35ms (Views: 34.0ms | ActiveRecord: 0.0ms)


Started GET "/assets/application.css?body=1" for 127.0.0.1 at 2016-02-23 17:20:03 -0500


Started GET "/assets/tweets.css?body=1" for 127.0.0.1 at 2016-02-23 17:20:03 -0500


Started GET "/assets/home.css?body=1" for 127.0.0.1 at 2016-02-23 17:20:03 -0500


Started GET "/tweets/new" for 127.0.0.1 at 2016-02-23 17:30:28 -0500
Processing by TweetsController#new as HTML
  Rendered tweets/new.html.erb within layouts/application (7.0ms)
Completed 200 OK in 33ms (Views: 27.0ms | ActiveRecord: 0.0ms)


Started GET "/assets/home.css?body=1" for 127.0.0.1 at 2016-02-23 17:30:28 -0500


Started GET "/assets/tweets.css?body=1" for 127.0.0.1 at 2016-02-23 17:30:28 -0500


Started GET "/assets/application.css?body=1" for 127.0.0.1 at 2016-02-23 17:30:28 -0500


Started POST "/tweets" for 127.0.0.1 at 2016-02-23 17:30:34 -0500
Processing by TweetsController#create as HTML
  Parameters: {"utf8"=>"✓", "authenticity_token"=>"DRIS/0STSri+J+gpRyDxjAPoPQyLUjgxIZ6QzEgE9II=", "tweet"=>{"message"=>"Hola"}, "commit"=>"Create Tweet"}
  [1m[35m (0.0ms)[0m  begin transaction
  [1m[36mSQL (0.0ms)[0m  [1mINSERT INTO "tweets" ("created_at", "message", "updated_at") VALUES (?, ?, ?)[0m  [["created_at", "2016-02-23 22:30:34.216012"], ["message", "Hola"], ["updated_at", "2016-02-23 22:30:34.216012"]]
  [1m[35m (106.4ms)[0m  commit transaction
Redirected to http://localhost:3000/
Completed 302 Found in 111ms (ActiveRecord: 106.4ms)


Started GET "/" for 127.0.0.1 at 2016-02-23 17:30:34 -0500
Processing by HomeController#index as HTML
  Rendered home/index.html within layouts/application (0.0ms)
Completed 200 OK in 68ms (Views: 67.1ms | ActiveRecord: 0.0ms)


Started GET "/assets/home.css?body=1" for 127.0.0.1 at 2016-02-23 17:30:34 -0500


Started GET "/assets/application.css?body=1" for 127.0.0.1 at 2016-02-23 17:30:34 -0500


Started GET "/assets/tweets.css?body=1" for 127.0.0.1 at 2016-02-23 17:30:34 -0500


Started GET "/tweets/new" for 127.0.0.1 at 2016-02-23 17:32:24 -0500
Processing by TweetsController#new as HTML
  Rendered tweets/new.html.erb within layouts/application (7.0ms)
Completed 200 OK in 50ms (Views: 45.0ms | ActiveRecord: 1.0ms)


Started GET "/assets/application.css?body=1" for 127.0.0.1 at 2016-02-23 17:32:24 -0500


Started GET "/assets/tweets.css?body=1" for 127.0.0.1 at 2016-02-23 17:32:24 -0500


Started GET "/assets/home.css?body=1" for 127.0.0.1 at 2016-02-23 17:32:24 -0500


Started POST "/tweets" for 127.0.0.1 at 2016-02-23 17:32:38 -0500
Processing by TweetsController#create as HTML
  Parameters: {"utf8"=>"✓", "authenticity_token"=>"DRIS/0STSri+J+gpRyDxjAPoPQyLUjgxIZ6QzEgE9II=", "tweet"=>{"message"=>"Hola, me llamo Leydi"}, "commit"=>"Create Tweet"}
  [1m[36m (0.0ms)[0m  [1mbegin transaction[0m
  [1m[35mSQL (0.0ms)[0m  INSERT INTO "tweets" ("created_at", "message", "updated_at") VALUES (?, ?, ?)  [["created_at", "2016-02-23 22:32:38.588754"], ["message", "Hola, me llamo Leydi"], ["updated_at", "2016-02-23 22:32:38.588754"]]
  [1m[36m (110.1ms)[0m  [1mcommit transaction[0m
Redirected to http://localhost:3000/
Completed 302 Found in 116ms (ActiveRecord: 110.1ms)


Started GET "/" for 127.0.0.1 at 2016-02-23 17:32:38 -0500
Processing by HomeController#index as HTML
  Rendered home/index.html within layouts/application (0.0ms)
Completed 200 OK in 29ms (Views: 29.0ms | ActiveRecord: 0.0ms)


Started GET "/assets/application.css?body=1" for 127.0.0.1 at 2016-02-23 17:32:38 -0500


Started GET "/assets/tweets.css?body=1" for 127.0.0.1 at 2016-02-23 17:32:38 -0500


Started GET "/assets/home.css?body=1" for 127.0.0.1 at 2016-02-23 17:32:38 -0500


Started GET "/tweets" for 127.0.0.1 at 2016-02-23 17:56:37 -0500
Processing by TweetsController#index as HTML
  Rendered tweets/index.html.erb within layouts/application (1.0ms)
Completed 500 Internal Server Error in 7ms

SyntaxError (C:/Users/diplomado/Documents/prueba/app/views/tweets/index.html.erb:6: syntax error, unexpected ')', expecting '='
...buffer.append=( tweet,message );@output_buffer.safe_append='...
...                               ^
C:/Users/diplomado/Documents/prueba/app/views/tweets/index.html.erb:8: syntax error, unexpected keyword_end, expecting ')'
'.freeze;	 end 
         	    ^
C:/Users/diplomado/Documents/prueba/app/views/tweets/index.html.erb:12: syntax error, unexpected keyword_ensure, expecting ')'
C:/Users/diplomado/Documents/prueba/app/views/tweets/index.html.erb:14: syntax error, unexpected keyword_end, expecting ')'):
  app/views/tweets/index.html.erb:6: syntax error, unexpected ')', expecting '='
  app/views/tweets/index.html.erb:8: syntax error, unexpected keyword_end, expecting ')'
  app/views/tweets/index.html.erb:12: syntax error, unexpected keyword_ensure, expecting ')'
  app/views/tweets/index.html.erb:14: syntax error, unexpected keyword_end, expecting ')'


  Rendered C:/RailsInstaller/Ruby2.0.0/lib/ruby/gems/2.0.0/gems/actionpack-4.1.8/lib/action_dispatch/middleware/templates/rescues/_source.erb (0.0ms)
  Rendered C:/RailsInstaller/Ruby2.0.0/lib/ruby/gems/2.0.0/gems/actionpack-4.1.8/lib/action_dispatch/middleware/templates/rescues/_trace.html.erb (1.0ms)
  Rendered C:/RailsInstaller/Ruby2.0.0/lib/ruby/gems/2.0.0/gems/actionpack-4.1.8/lib/action_dispatch/middleware/templates/rescues/_request_and_response.html.erb (1.0ms)
  Rendered C:/RailsInstaller/Ruby2.0.0/lib/ruby/gems/2.0.0/gems/actionpack-4.1.8/lib/action_dispatch/middleware/templates/rescues/diagnostics.erb within rescues/layout (27.0ms)


Started GET "/tweets" for 127.0.0.1 at 2016-02-23 17:56:48 -0500
Processing by TweetsController#index as HTML
  Rendered tweets/index.html.erb within layouts/application (1.0ms)
Completed 500 Internal Server Error in 4ms

ActionView::Template::Error (undefined method `each' for nil:NilClass):
    1: <h1>Lista de Tweets</h1>
    2: 
    3: <ol>
    4: 	<% @Tweets.each do |tweet| %>
    5: 
    6: 		<li><%= tweet.message %></li>
    7: 
  app/views/tweets/index.html.erb:4:in `_app_views_tweets_index_html_erb___521610823_19586004'


  Rendered C:/RailsInstaller/Ruby2.0.0/lib/ruby/gems/2.0.0/gems/actionpack-4.1.8/lib/action_dispatch/middleware/templates/rescues/_trace.html.erb (2.0ms)
  Rendered C:/RailsInstaller/Ruby2.0.0/lib/ruby/gems/2.0.0/gems/actionpack-4.1.8/lib/action_dispatch/middleware/templates/rescues/_request_and_response.html.erb (1.0ms)
  Rendered C:/RailsInstaller/Ruby2.0.0/lib/ruby/gems/2.0.0/gems/actionpack-4.1.8/lib/action_dispatch/middleware/templates/rescues/template_error.html.erb within rescues/layout (46.0ms)


Started GET "/tweets" for 127.0.0.1 at 2016-02-23 17:57:35 -0500
Processing by TweetsController#index as HTML
  [1m[35mTweet Load (1.0ms)[0m  SELECT "tweets".* FROM "tweets"
  Rendered tweets/index.html.erb within layouts/application (14.0ms)
Completed 200 OK in 42ms (Views: 38.0ms | ActiveRecord: 3.0ms)


Started GET "/assets/home.css?body=1" for 127.0.0.1 at 2016-02-23 17:57:35 -0500


Started GET "/assets/tweets.css?body=1" for 127.0.0.1 at 2016-02-23 17:57:35 -0500


Started GET "/assets/application.css?body=1" for 127.0.0.1 at 2016-02-23 17:57:35 -0500


Started GET "/tweets/new" for 127.0.0.1 at 2016-02-23 17:59:48 -0500
Processing by TweetsController#new as HTML
  Rendered tweets/new.html.erb within layouts/application (3.0ms)
Completed 200 OK in 29ms (Views: 26.0ms | ActiveRecord: 0.0ms)


Started GET "/assets/application.css?body=1" for 127.0.0.1 at 2016-02-23 17:59:48 -0500


Started GET "/assets/tweets.css?body=1" for 127.0.0.1 at 2016-02-23 17:59:48 -0500


Started GET "/assets/home.css?body=1" for 127.0.0.1 at 2016-02-23 17:59:48 -0500


Started POST "/tweets" for 127.0.0.1 at 2016-02-23 17:59:56 -0500
Processing by TweetsController#create as HTML
  Parameters: {"utf8"=>"✓", "authenticity_token"=>"DRIS/0STSri+J+gpRyDxjAPoPQyLUjgxIZ6QzEgE9II=", "tweet"=>{"message"=>"Otro mensaje"}, "commit"=>"Create Tweet"}
  [1m[36m (0.0ms)[0m  [1mbegin transaction[0m
  [1m[35mSQL (0.0ms)[0m  INSERT INTO "tweets" ("created_at", "message", "updated_at") VALUES (?, ?, ?)  [["created_at", "2016-02-23 22:59:57.001161"], ["message", "Otro mensaje"], ["updated_at", "2016-02-23 22:59:57.001161"]]
  [1m[36m (53.7ms)[0m  [1mcommit transaction[0m
Redirected to http://localhost:3000/tweets
Completed 302 Found in 58ms (ActiveRecord: 53.7ms)


Started GET "/tweets" for 127.0.0.1 at 2016-02-23 17:59:57 -0500
Processing by TweetsController#index as HTML
  [1m[35mTweet Load (0.0ms)[0m  SELECT "tweets".* FROM "tweets"
  Rendered tweets/index.html.erb within layouts/application (1.0ms)
Completed 200 OK in 17ms (Views: 17.0ms | ActiveRecord: 0.0ms)


Started GET "/assets/application.css?body=1" for 127.0.0.1 at 2016-02-23 17:59:57 -0500


Started GET "/assets/tweets.css?body=1" for 127.0.0.1 at 2016-02-23 17:59:57 -0500


Started GET "/assets/home.css?body=1" for 127.0.0.1 at 2016-02-23 17:59:57 -0500


Started GET "/" for 127.0.0.1 at 2016-02-24 16:26:35 -0500
  [1m[36mActiveRecord::SchemaMigration Load (10.2ms)[0m  [1mSELECT "schema_migrations".* FROM "schema_migrations"[0m
Processing by HomeController#index as HTML
  Rendered home/index.html within layouts/application (30.7ms)
Completed 200 OK in 772ms (Views: 697.5ms | ActiveRecord: 0.0ms)


Started GET "/assets/home.css?body=1" for 127.0.0.1 at 2016-02-24 16:26:38 -0500


Started GET "/assets/application.css?body=1" for 127.0.0.1 at 2016-02-24 16:26:38 -0500


Started GET "/assets/tweets.css?body=1" for 127.0.0.1 at 2016-02-24 16:26:38 -0500


Started GET "/tweets/new" for 127.0.0.1 at 2016-02-24 16:26:57 -0500
Processing by TweetsController#new as HTML
  Rendered tweets/new.html.erb within layouts/application (99.6ms)
Completed 200 OK in 676ms (Views: 598.2ms | ActiveRecord: 5.5ms)


Started POST "/tweets" for 127.0.0.1 at 2016-02-24 16:27:14 -0500
Processing by TweetsController#create as HTML
  Parameters: {"utf8"=>"✓", "authenticity_token"=>"MCQhUSuxzMJz+1NMfHWkJCpNzyKwXWwdKBorUtNVhuA=", "tweet"=>{"message"=>"Hola, mi primer tweets"}, "commit"=>"Create Tweet"}
  [1m[35m (0.1ms)[0m  begin transaction
  [1m[36mSQL (7.5ms)[0m  [1mINSERT INTO "tweets" ("created_at", "message", "updated_at") VALUES (?, ?, ?)[0m  [["created_at", "2016-02-24 21:27:14.414319"], ["message", "Hola, mi primer tweets"], ["updated_at", "2016-02-24 21:27:14.414319"]]
  [1m[35m (3.6ms)[0m  commit transaction
Redirected to http://localhost:3000/tweets
Completed 302 Found in 46ms (ActiveRecord: 11.2ms)


Started GET "/tweets" for 127.0.0.1 at 2016-02-24 16:27:14 -0500
Processing by TweetsController#index as HTML
  [1m[36mTweet Load (1.6ms)[0m  [1mSELECT "tweets".* FROM "tweets"[0m
  Rendered tweets/index.html.erb within layouts/application (2.9ms)
Completed 200 OK in 503ms (Views: 500.5ms | ActiveRecord: 1.6ms)


Started GET "/tweets/:id/edit" for 127.0.0.1 at 2016-02-24 16:35:55 -0500
Processing by TweetsController#edit as HTML
  Parameters: {"id"=>":id"}
  [1m[35mTweet Load (8.6ms)[0m  SELECT  "tweets".* FROM "tweets"  WHERE "tweets"."id" = ? LIMIT 1  [["id", 0]]
Completed 404 Not Found in 103ms

ActiveRecord::RecordNotFound (Couldn't find Tweet with 'id'=:id):
  app/controllers/tweets_controller.rb:12:in `edit'


  Rendered /home/leydi/.rvm/gems/ruby-2.2.1/gems/actionpack-4.1.8/lib/action_dispatch/middleware/templates/rescues/_source.erb (2.2ms)
  Rendered /home/leydi/.rvm/gems/ruby-2.2.1/gems/actionpack-4.1.8/lib/action_dispatch/middleware/templates/rescues/_trace.html.erb (1.2ms)
  Rendered /home/leydi/.rvm/gems/ruby-2.2.1/gems/actionpack-4.1.8/lib/action_dispatch/middleware/templates/rescues/_request_and_response.html.erb (10.0ms)
  Rendered /home/leydi/.rvm/gems/ruby-2.2.1/gems/actionpack-4.1.8/lib/action_dispatch/middleware/templates/rescues/diagnostics.erb within rescues/layout (46.5ms)


Started GET "/tweets/1/edit" for 127.0.0.1 at 2016-02-24 16:37:09 -0500
Processing by TweetsController#edit as HTML
  Parameters: {"id"=>"1"}
  [1m[36mTweet Load (1.9ms)[0m  [1mSELECT  "tweets".* FROM "tweets"  WHERE "tweets"."id" = ? LIMIT 1[0m  [["id", 1]]
  Rendered tweets/edit.html.erb within layouts/application (0.3ms)
Completed 200 OK in 525ms (Views: 518.8ms | ActiveRecord: 1.9ms)


Started GET "/tweets/1/edit" for 127.0.0.1 at 2016-02-24 16:37:23 -0500
Processing by TweetsController#edit as HTML
  Parameters: {"id"=>"1"}
  [1m[35mTweet Load (7.3ms)[0m  SELECT  "tweets".* FROM "tweets"  WHERE "tweets"."id" = ? LIMIT 1  [["id", 1]]
  Rendered tweets/edit.html.erb within layouts/application (0.4ms)
Completed 200 OK in 505ms (Views: 496.2ms | ActiveRecord: 7.3ms)


Started GET "/assets/home.css?body=1" for 127.0.0.1 at 2016-02-24 16:37:23 -0500


Started GET "/assets/tweets.css?body=1" for 127.0.0.1 at 2016-02-24 16:37:24 -0500


Started GET "/assets/application.css?body=1" for 127.0.0.1 at 2016-02-24 16:37:24 -0500


Started GET "/tweets/1/edit" for 127.0.0.1 at 2016-02-24 16:39:33 -0500
Processing by TweetsController#edit as HTML
  Parameters: {"id"=>"1"}
  [1m[36mTweet Load (9.2ms)[0m  [1mSELECT  "tweets".* FROM "tweets"  WHERE "tweets"."id" = ? LIMIT 1[0m  [["id", 1]]
  Rendered tweets/edit.html.erb within layouts/application (0.1ms)
Completed 200 OK in 624ms (Views: 519.8ms | ActiveRecord: 42.6ms)


Started GET "/assets/home.css?body=1" for 127.0.0.1 at 2016-02-24 16:39:34 -0500


Started GET "/assets/tweets.css?body=1" for 127.0.0.1 at 2016-02-24 16:39:34 -0500


Started GET "/assets/application.css?body=1" for 127.0.0.1 at 2016-02-24 16:39:34 -0500


Started GET "/tweets/1/edit" for 127.0.0.1 at 2016-02-24 16:39:36 -0500
Processing by TweetsController#edit as HTML
  Parameters: {"id"=>"1"}
  [1m[35mTweet Load (8.0ms)[0m  SELECT  "tweets".* FROM "tweets"  WHERE "tweets"."id" = ? LIMIT 1  [["id", 1]]
  Rendered tweets/edit.html.erb within layouts/application (0.0ms)
Completed 200 OK in 420ms (Views: 410.8ms | ActiveRecord: 8.0ms)


Started GET "/assets/home.css?body=1" for 127.0.0.1 at 2016-02-24 16:39:36 -0500


Started GET "/assets/tweets.css?body=1" for 127.0.0.1 at 2016-02-24 16:39:37 -0500


Started GET "/assets/application.css?body=1" for 127.0.0.1 at 2016-02-24 16:39:37 -0500


Started GET "/tweets/1/edit" for 127.0.0.1 at 2016-02-24 16:39:38 -0500
Processing by TweetsController#edit as HTML
  Parameters: {"id"=>"1"}
  [1m[36mTweet Load (2.4ms)[0m  [1mSELECT  "tweets".* FROM "tweets"  WHERE "tweets"."id" = ? LIMIT 1[0m  [["id", 1]]
  Rendered tweets/edit.html.erb within layouts/application (0.0ms)
Completed 200 OK in 434ms (Views: 430.2ms | ActiveRecord: 2.4ms)


Started GET "/assets/home.css?body=1" for 127.0.0.1 at 2016-02-24 16:39:39 -0500


Started GET "/assets/tweets.css?body=1" for 127.0.0.1 at 2016-02-24 16:39:39 -0500


Started GET "/assets/application.css?body=1" for 127.0.0.1 at 2016-02-24 16:39:39 -0500


Started GET "/tweets/1/edit" for 127.0.0.1 at 2016-02-24 16:41:31 -0500
Processing by TweetsController#edit as HTML
  Parameters: {"id"=>"1"}
  [1m[35mTweet Load (2.7ms)[0m  SELECT  "tweets".* FROM "tweets"  WHERE "tweets"."id" = ? LIMIT 1  [["id", 1]]
  Rendered tweets/edit.html.erb within layouts/application (0.1ms)
Completed 200 OK in 630ms (Views: 542.8ms | ActiveRecord: 9.5ms)


Started GET "/assets/home.css?body=1" for 127.0.0.1 at 2016-02-24 16:41:32 -0500


Started GET "/assets/tweets.css?body=1" for 127.0.0.1 at 2016-02-24 16:41:32 -0500


Started GET "/assets/application.css?body=1" for 127.0.0.1 at 2016-02-24 16:41:32 -0500


Started GET "/tweets/1/edit" for 127.0.0.1 at 2016-02-24 16:42:08 -0500
Processing by TweetsController#edit as HTML
  Parameters: {"id"=>"1"}
  [1m[36mTweet Load (7.7ms)[0m  [1mSELECT  "tweets".* FROM "tweets"  WHERE "tweets"."id" = ? LIMIT 1[0m  [["id", 1]]
  Rendered tweets/edit.html.erb within layouts/application (2.1ms)
Completed 200 OK in 435ms (Views: 426.6ms | ActiveRecord: 7.7ms)


Started GET "/assets/home.css?body=1" for 127.0.0.1 at 2016-02-24 16:42:09 -0500


Started GET "/assets/application.css?body=1" for 127.0.0.1 at 2016-02-24 16:42:09 -0500


Started GET "/assets/tweets.css?body=1" for 127.0.0.1 at 2016-02-24 16:42:09 -0500


Started PATCH "/tweets/1" for 127.0.0.1 at 2016-02-24 16:42:46 -0500
Processing by TweetsController#update as HTML
  Parameters: {"utf8"=>"✓", "authenticity_token"=>"MCQhUSuxzMJz+1NMfHWkJCpNzyKwXWwdKBorUtNVhuA=", "tweet"=>{"message"=>"Hola edit"}, "commit"=>"Update Tweet", "id"=>"1"}
  [1m[35mTweet Load (2.6ms)[0m  SELECT  "tweets".* FROM "tweets"  WHERE "tweets"."id" = ? LIMIT 1  [["id", 1]]
  [1m[36m (0.1ms)[0m  [1mbegin transaction[0m
  [1m[35mSQL (12.5ms)[0m  UPDATE "tweets" SET "message" = ?, "updated_at" = ? WHERE "tweets"."id" = 1  [["message", "Hola edit"], ["updated_at", "2016-02-24 21:42:46.856280"]]
  [1m[36m (15.2ms)[0m  [1mcommit transaction[0m
Redirected to 
Completed 500 Internal Server Error in 35ms

ActionController::ActionControllerError (Cannot redirect to a parameter hash!):
  app/controllers/tweets_controller.rb:26:in `update'


  Rendered /home/leydi/.rvm/gems/ruby-2.2.1/gems/actionpack-4.1.8/lib/action_dispatch/middleware/templates/rescues/_source.erb (0.6ms)
  Rendered /home/leydi/.rvm/gems/ruby-2.2.1/gems/actionpack-4.1.8/lib/action_dispatch/middleware/templates/rescues/_trace.html.erb (3.6ms)
  Rendered /home/leydi/.rvm/gems/ruby-2.2.1/gems/actionpack-4.1.8/lib/action_dispatch/middleware/templates/rescues/_request_and_response.html.erb (1.0ms)
  Rendered /home/leydi/.rvm/gems/ruby-2.2.1/gems/actionpack-4.1.8/lib/action_dispatch/middleware/templates/rescues/diagnostics.erb within rescues/layout (36.8ms)


Started PATCH "/tweets/1" for 127.0.0.1 at 2016-02-24 16:43:29 -0500
Processing by TweetsController#update as HTML
  Parameters: {"utf8"=>"✓", "authenticity_token"=>"MCQhUSuxzMJz+1NMfHWkJCpNzyKwXWwdKBorUtNVhuA=", "tweet"=>{"message"=>"Hola edit"}, "commit"=>"Update Tweet", "id"=>"1"}
  [1m[35mTweet Load (10.1ms)[0m  SELECT  "tweets".* FROM "tweets"  WHERE "tweets"."id" = ? LIMIT 1  [["id", 1]]
  [1m[36m (0.1ms)[0m  [1mbegin transaction[0m
  [1m[35m (0.0ms)[0m  commit transaction
Redirected to http://localhost:3000/tweets
Completed 302 Found in 120ms (ActiveRecord: 43.5ms)


Started GET "/tweets" for 127.0.0.1 at 2016-02-24 16:43:29 -0500
Processing by TweetsController#index as HTML
  [1m[36mTweet Load (1.5ms)[0m  [1mSELECT "tweets".* FROM "tweets"[0m
  Rendered tweets/index.html.erb within layouts/application (2.2ms)
Completed 200 OK in 494ms (Views: 492.2ms | ActiveRecord: 1.5ms)


Started GET "/assets/home.css?body=1" for 127.0.0.1 at 2016-02-24 16:43:30 -0500


Started GET "/assets/application.css?body=1" for 127.0.0.1 at 2016-02-24 16:43:30 -0500


Started GET "/assets/tweets.css?body=1" for 127.0.0.1 at 2016-02-24 16:43:30 -0500
